\BOOKMARK [1][]{section.1}{Introduction}{}% 1
\BOOKMARK [2][]{subsection.1.1}{What is eCAD?}{section.1}% 2
\BOOKMARK [2][]{subsection.1.2}{License}{section.1}% 3
\BOOKMARK [1][]{section.2}{Installation}{}% 4
\BOOKMARK [2][]{subsection.2.1}{For Linux}{section.2}% 5
\BOOKMARK [2][]{subsection.2.2}{For Windows}{section.2}% 6
\BOOKMARK [1][]{section.3}{Interface}{}% 7
\BOOKMARK [2][]{subsection.3.1}{Menubar}{section.3}% 8
\BOOKMARK [2][]{subsection.3.2}{Toolbar}{section.3}% 9
\BOOKMARK [2][]{subsection.3.3}{Working Space}{section.3}% 10
\BOOKMARK [2][]{subsection.3.4}{Scipting Console}{section.3}% 11
\BOOKMARK [2][]{subsection.3.5}{Status Bar}{section.3}% 12
\BOOKMARK [1][]{section.4}{CAD documents}{}% 13
\BOOKMARK [2][]{subsection.4.1}{Creating a new document}{section.4}% 14
\BOOKMARK [2][]{subsection.4.2}{Saving a Drawing}{section.4}% 15
\BOOKMARK [2][]{subsection.4.3}{Opening a Document}{section.4}% 16
\BOOKMARK [1][]{section.5}{Creating Entities}{}% 17
\BOOKMARK [2][]{subsection.5.1}{Draw Menu}{section.5}% 18
\BOOKMARK [2][]{subsection.5.2}{Toolbar}{section.5}% 19
\BOOKMARK [2][]{subsection.5.3}{Shortcuts}{section.5}% 20
\BOOKMARK [1][]{section.6}{Operations}{}% 21
\BOOKMARK [2][]{subsection.6.1}{Move}{section.6}% 22
\BOOKMARK [2][]{subsection.6.2}{Cut, Copy and Paste}{section.6}% 23
\BOOKMARK [2][]{subsection.6.3}{Delete}{section.6}% 24
\BOOKMARK [2][]{subsection.6.4}{Undo/Redo}{section.6}% 25
\BOOKMARK [1][]{section.7}{Selecting Entities}{}% 26
\BOOKMARK [2][]{subsection.7.1}{Using Mouse}{section.7}% 27
\BOOKMARK [2][]{subsection.7.2}{Select Menu}{section.7}% 28
